processing 1 of 636 :coihaique
processing 2 of 636 :saint anthony
processing 3 of 636 :ewa beach
processing 4 of 636 :fortuna
processing 5 of 636 :albany
processing 6 of 636 :dingle
processing 7 of 636 :nikolskoye
processing 8 of 636 :geraldton
processing 9 of 636 :khushab
processing 10 of 636 :vila franca do campo
processing 11 of 636 :sentyabrskiy
exception missing city data 11 of 636 :sentyabrskiy
processing 12 of 636 :tibu
processing 13 of 636 :thompson
processing 14 of 636 :gat
processing 15 of 636 :atuona
processing 16 of 636 :ushuaia
processing 17 of 636 :piacabucu
processing 18 of 636 :jiuquan
processing 19 of 636 :meulaboh
processing 20 of 636 :mikhaylovsk
processing 21 of 636 :qaanaaq
processing 22 of 636 :busselton
processing 23 of 636 :pisco
processing 24 of 636 :provideniya
processing 25 of 636 :huazolotitlan
exception missing city data 25 of 636 :huazolotitlan
processing 26 of 636 :butaritari
processing 27 of 636 :saint-pierre
processing 28 of 636 :toktogul
processing 29 of 636 :mar del plata
processing 30 of 636 :payo
processing 31 of 636 :hilo
processing 32 of 636 :poum
processing 33 of 636 :jamestown
processing 34 of 636 :saskylakh
processing 35 of 636 :yellowknife
processing 36 of 636 :rabo de peixe
processing 37 of 636 :rikitea
processing 38 of 636 :vaitupu
exception missing city data 38 of 636 :vaitupu
processing 39 of 636 :bredasdorp
processing 40 of 636 :dikson
processing 41 of 636 :cape town
processing 42 of 636 :sisimiut
processing 43 of 636 :bull savanna
processing 44 of 636 :hobart
processing 45 of 636 :avarua
processing 46 of 636 :huanren
processing 47 of 636 :masterton
processing 48 of 636 :olafsvik
processing 49 of 636 :ust-kamchatsk
exception missing city data 49 of 636 :ust-kamchatsk
processing 50 of 636 :vaini
processing 51 of 636 :jishou
processing 52 of 636 :new norfolk
processing 53 of 636 :belushya guba
exception missing city data 53 of 636 :belushya guba
processing 54 of 636 :arraial do cabo
processing 55 of 636 :basavakalyan
processing 56 of 636 :mys shmidta
exception missing city data 56 of 636 :mys shmidta
processing 57 of 636 :labuan
processing 58 of 636 :douglas
processing 59 of 636 :bonthe
processing 60 of 636 :talara
processing 61 of 636 :faanui
processing 62 of 636 :castro
processing 63 of 636 :vanderhoof
processing 64 of 636 :ponta do sol
processing 65 of 636 :berbera
processing 66 of 636 :carnarvon
processing 67 of 636 :bethel
processing 68 of 636 :grand river south east
exception missing city data 68 of 636 :grand river south east
processing 69 of 636 :mahebourg
processing 70 of 636 :laguna
processing 71 of 636 :nizhneyansk
exception missing city data 71 of 636 :nizhneyansk
processing 72 of 636 :shingu
processing 73 of 636 :matagami
processing 74 of 636 :east london
processing 75 of 636 :chapais
processing 76 of 636 :pringsewu
processing 77 of 636 :mackay
processing 78 of 636 :longyearbyen
processing 79 of 636 :leningradskiy
processing 80 of 636 :xinqing
processing 81 of 636 :warri
processing 82 of 636 :punta arenas
processing 83 of 636 :taolanaro
exception missing city data 83 of 636 :taolanaro
processing 84 of 636 :flinders
processing 85 of 636 :savannah bight
processing 86 of 636 :nyurba
processing 87 of 636 :talnakh
processing 88 of 636 :carutapera
processing 89 of 636 :horsham
processing 90 of 636 :ulaangom
processing 91 of 636 :ilulissat
processing 92 of 636 :barentsburg
exception missing city data 92 of 636 :barentsburg
processing 93 of 636 :cidreira
processing 94 of 636 :pucallpa
processing 95 of 636 :westport
processing 96 of 636 :mataura
processing 97 of 636 :tuktoyaktuk
processing 98 of 636 :puerto ayora
processing 99 of 636 :port lincoln
processing 100 of 636 :vardo
processing 101 of 636 :kapaa
processing 102 of 636 :warrnambool
processing 103 of 636 :port alfred
processing 104 of 636 :pescara
processing 105 of 636 :poddorye
processing 106 of 636 :batagay
processing 107 of 636 :pokhara
processing 108 of 636 :zambezi
processing 109 of 636 :attawapiskat
exception missing city data 109 of 636 :attawapiskat
processing 110 of 636 :ulagan
processing 111 of 636 :cockburn town
processing 112 of 636 :sioux lookout
processing 113 of 636 :lebu
processing 114 of 636 :amderma
exception missing city data 114 of 636 :amderma
processing 115 of 636 :seymchan
processing 116 of 636 :hermanus
processing 117 of 636 :illoqqortoormiut
exception missing city data 117 of 636 :illoqqortoormiut
processing 118 of 636 :deputatskiy
processing 119 of 636 :namibe
processing 120 of 636 :enshi
processing 121 of 636 :tiarei
processing 122 of 636 :belawan
processing 123 of 636 :port elizabeth
processing 124 of 636 :shelburne
processing 125 of 636 :asau
processing 126 of 636 :codrington
processing 127 of 636 :rudbar
processing 128 of 636 :iskateley
processing 129 of 636 :mehamn
processing 130 of 636 :repnoye
processing 131 of 636 :alofi
processing 132 of 636 :kirakira
processing 133 of 636 :chuy
processing 134 of 636 :batemans bay
processing 135 of 636 :cozumel
processing 136 of 636 :barrow
processing 137 of 636 :aswan
processing 138 of 636 :burns lake
processing 139 of 636 :imbituba
processing 140 of 636 :cherskiy
processing 141 of 636 :uvarovo
processing 142 of 636 :hualmay
processing 143 of 636 :dera bugti
processing 144 of 636 :vao
processing 145 of 636 :nome
processing 146 of 636 :bluff
processing 147 of 636 :san patricio
processing 148 of 636 :anori
processing 149 of 636 :sahrak
exception missing city data 149 of 636 :sahrak
processing 150 of 636 :bambous virieux
processing 151 of 636 :tasiilaq
processing 152 of 636 :dabuleni
processing 153 of 636 :boende
processing 154 of 636 :caravelas
processing 155 of 636 :hithadhoo
processing 156 of 636 :kaitangata
processing 157 of 636 :pokanayevka
exception missing city data 157 of 636 :pokanayevka
processing 158 of 636 :novyy yegorlyk
processing 159 of 636 :kloulklubed
processing 160 of 636 :plouzane
processing 161 of 636 :saint-philippe
processing 162 of 636 :praia da vitoria
processing 163 of 636 :santa maria
processing 164 of 636 :luba
processing 165 of 636 :tura
processing 166 of 636 :coracao de jesus
processing 167 of 636 :maple creek
processing 168 of 636 :nowogard
processing 169 of 636 :lagos
processing 170 of 636 :umm kaddadah
processing 171 of 636 :dunedin
processing 172 of 636 :khasan
processing 173 of 636 :baleshwar
processing 174 of 636 :churapcha
processing 175 of 636 :sorkjosen
processing 176 of 636 :palmer
processing 177 of 636 :komsomolskiy
processing 178 of 636 :khatanga
processing 179 of 636 :zyryanka
processing 180 of 636 :braco do norte
processing 181 of 636 :mbini
processing 182 of 636 :touros
processing 183 of 636 :georgetown
processing 184 of 636 :skalistyy
exception missing city data 184 of 636 :skalistyy
processing 185 of 636 :tiksi
processing 186 of 636 :norman wells
processing 187 of 636 :hasaki
processing 188 of 636 :mecca
processing 189 of 636 :sao raimundo das mangabeiras
processing 190 of 636 :mpulungu
processing 191 of 636 :srednekolymsk
processing 192 of 636 :muscatine
processing 193 of 636 :mukhen
processing 194 of 636 :ribeira grande
processing 195 of 636 :fort nelson
processing 196 of 636 :perene
processing 197 of 636 :bolungarvik
exception missing city data 197 of 636 :bolungarvik
processing 198 of 636 :sechura
processing 199 of 636 :freeport
processing 200 of 636 :bihoro
processing 201 of 636 :albanel
processing 202 of 636 :yeletskiy
exception missing city data 202 of 636 :yeletskiy
processing 203 of 636 :boke
processing 204 of 636 :clyde river
processing 205 of 636 :camacha
processing 206 of 636 :honningsvag
processing 207 of 636 :raisio
processing 208 of 636 :bengkulu
processing 209 of 636 :puerto escondido
processing 210 of 636 :maloshuyka
exception missing city data 210 of 636 :maloshuyka
processing 211 of 636 :severo-kurilsk
processing 212 of 636 :fort abbas
processing 213 of 636 :mezen
processing 214 of 636 :ancud
processing 215 of 636 :upernavik
processing 216 of 636 :hambantota
processing 217 of 636 :jiddah
exception missing city data 217 of 636 :jiddah
processing 218 of 636 :pangnirtung
processing 219 of 636 :senmonorom
exception missing city data 219 of 636 :senmonorom
processing 220 of 636 :dicabisagan
processing 221 of 636 :polunochnoye
processing 222 of 636 :sao joao da barra
processing 223 of 636 :wattegama
processing 224 of 636 :yeppoon
processing 225 of 636 :ixtapa
processing 226 of 636 :tsihombe
exception missing city data 226 of 636 :tsihombe
processing 227 of 636 :kismayo
processing 228 of 636 :kidal
processing 229 of 636 :thinadhoo
processing 230 of 636 :acoyapa
processing 231 of 636 :artyk
exception missing city data 231 of 636 :artyk
processing 232 of 636 :rameswaram
processing 233 of 636 :natal
processing 234 of 636 :port hardy
processing 235 of 636 :pochutla
processing 236 of 636 :ambanja
processing 237 of 636 :pacific grove
processing 238 of 636 :samarai
processing 239 of 636 :kota bahru
processing 240 of 636 :vanimo
processing 241 of 636 :hjallerup
processing 242 of 636 :darnah
processing 243 of 636 :husavik
processing 244 of 636 :si sa ket
processing 245 of 636 :half moon bay
processing 246 of 636 :banff
processing 247 of 636 :pevek
processing 248 of 636 :umea
processing 249 of 636 :aschersleben
processing 250 of 636 :esperance
processing 251 of 636 :dharchula
processing 252 of 636 :salgado de sao felix
processing 253 of 636 :cabra
processing 254 of 636 :avera
processing 255 of 636 :shahr-e kord
processing 256 of 636 :ambilobe
processing 257 of 636 :leirvik
processing 258 of 636 :lalibela
processing 259 of 636 :ibicarai
processing 260 of 636 :itarema
processing 261 of 636 :klaksvik
processing 262 of 636 :torbay
processing 263 of 636 :cayenne
processing 264 of 636 :henties bay
processing 265 of 636 :kodiak
processing 266 of 636 :mnogovershinnyy
processing 267 of 636 :the valley
processing 268 of 636 :bereda
processing 269 of 636 :cabo san lucas
processing 270 of 636 :konstantinovka
processing 271 of 636 :rockland
processing 272 of 636 :sault sainte marie
processing 273 of 636 :rungata
exception missing city data 273 of 636 :rungata
processing 274 of 636 :point pedro
processing 275 of 636 :airai
processing 276 of 636 :tuggurt
exception missing city data 276 of 636 :tuggurt
processing 277 of 636 :sao gabriel da cachoeira
processing 278 of 636 :guerrero negro
processing 279 of 636 :taltal
processing 280 of 636 :manggar
processing 281 of 636 :ksenyevka
exception missing city data 281 of 636 :ksenyevka
processing 282 of 636 :broome
processing 283 of 636 :ballina
processing 284 of 636 :constitucion
processing 285 of 636 :hobyo
processing 286 of 636 :winslow
processing 287 of 636 :talgar
processing 288 of 636 :kudahuvadhoo
processing 289 of 636 :zima
processing 290 of 636 :gulshat
exception missing city data 290 of 636 :gulshat
processing 291 of 636 :shangrao
processing 292 of 636 :crixas
processing 293 of 636 :ust-nera
processing 294 of 636 :yar-sale
processing 295 of 636 :chokurdakh
processing 296 of 636 :hamilton
processing 297 of 636 :vila velha
processing 298 of 636 :goderich
processing 299 of 636 :sterling
processing 300 of 636 :palabuhanratu
exception missing city data 300 of 636 :palabuhanratu
processing 301 of 636 :nueva guinea
processing 302 of 636 :sao filipe
processing 303 of 636 :san cristobal
processing 304 of 636 :saint george
processing 305 of 636 :adeje
processing 306 of 636 :anuchino
processing 307 of 636 :kendrapara
processing 308 of 636 :bubaque
processing 309 of 636 :bathsheba
processing 310 of 636 :namatanai
processing 311 of 636 :aklavik
processing 312 of 636 :pampa
processing 313 of 636 :lechinkay
processing 314 of 636 :padang
processing 315 of 636 :vallenar
processing 316 of 636 :souillac
processing 317 of 636 :gilazi
exception missing city data 317 of 636 :gilazi
processing 318 of 636 :beringovskiy
processing 319 of 636 :makakilo city
processing 320 of 636 :fairbanks
processing 321 of 636 :othonoi
exception missing city data 321 of 636 :othonoi
processing 322 of 636 :minsk
processing 323 of 636 :launceston
processing 324 of 636 :maningrida
processing 325 of 636 :victoria
processing 326 of 636 :newburn
processing 327 of 636 :bilibino
processing 328 of 636 :kavieng
processing 329 of 636 :tuatapere
processing 330 of 636 :gouyave
processing 331 of 636 :palau
processing 332 of 636 :whitecourt
processing 333 of 636 :saleaula
exception missing city data 333 of 636 :saleaula
processing 334 of 636 :whitehorse
processing 335 of 636 :waingapu
processing 336 of 636 :maragogi
processing 337 of 636 :rawson
processing 338 of 636 :hay river
processing 339 of 636 :sofiysk
exception missing city data 339 of 636 :sofiysk
processing 340 of 636 :caborca
processing 341 of 636 :rocha
processing 342 of 636 :birjand
processing 343 of 636 :luebo
processing 344 of 636 :brae
processing 345 of 636 :nurobod
processing 346 of 636 :grindavik
processing 347 of 636 :puerto ayacucho
processing 348 of 636 :hervey bay
processing 349 of 636 :veracruz
processing 350 of 636 :wulanhaote
exception missing city data 350 of 636 :wulanhaote
processing 351 of 636 :ust-kuyga
processing 352 of 636 :guayaquil
processing 353 of 636 :lorengau
processing 354 of 636 :beirut
processing 355 of 636 :ikwiriri
processing 356 of 636 :tucuma
processing 357 of 636 :amot
processing 358 of 636 :soloneshnoye
processing 359 of 636 :koundara
processing 360 of 636 :garavuti
processing 361 of 636 :alekseyevsk
processing 362 of 636 :luderitz
processing 363 of 636 :sao miguel
processing 364 of 636 :sabzevar
processing 365 of 636 :zheleznodorozhnyy
processing 366 of 636 :datong
processing 367 of 636 :oum hadjer
processing 368 of 636 :odessa
processing 369 of 636 :tubruq
exception missing city data 369 of 636 :tubruq
processing 370 of 636 :lengshuijiang
processing 371 of 636 :balclutha
processing 372 of 636 :quelimane
processing 373 of 636 :manama
processing 374 of 636 :dinsor
exception missing city data 374 of 636 :dinsor
processing 375 of 636 :dutse
processing 376 of 636 :necochea
processing 377 of 636 :auki
processing 378 of 636 :harrismith
processing 379 of 636 :coquimbo
processing 380 of 636 :victor harbor
processing 381 of 636 :berlevag
processing 382 of 636 :marsa matruh
processing 383 of 636 :oranjemund
processing 384 of 636 :gasa
processing 385 of 636 :tigzirt
processing 386 of 636 :portland
processing 387 of 636 :katsuura
processing 388 of 636 :darhan
processing 389 of 636 :biak
processing 390 of 636 :north mankato
processing 391 of 636 :karasjok
processing 392 of 636 :lavrentiya
processing 393 of 636 :muisne
processing 394 of 636 :mangrol
processing 395 of 636 :maydolong
processing 396 of 636 :lompoc
processing 397 of 636 :bloemhof
processing 398 of 636 :kampot
processing 399 of 636 :vestmannaeyjar
processing 400 of 636 :kaeo
processing 401 of 636 :baykit
processing 402 of 636 :omsukchan
processing 403 of 636 :kormilovka
processing 404 of 636 :beeville
processing 405 of 636 :homer
processing 406 of 636 :ayan
processing 407 of 636 :doha
processing 408 of 636 :santa marta
processing 409 of 636 :nakhon phanom
processing 410 of 636 :bambanglipuro
processing 411 of 636 :ferme-neuve
processing 412 of 636 :grand forks
processing 413 of 636 :ahipara
processing 414 of 636 :gamba
processing 415 of 636 :mogadishu
processing 416 of 636 :lafayette
processing 417 of 636 :babanusah
exception missing city data 417 of 636 :babanusah
processing 418 of 636 :purranque
processing 419 of 636 :gogrial
processing 420 of 636 :cardston
processing 421 of 636 :santa cruz
processing 422 of 636 :caiaponia
processing 423 of 636 :fredericksburg
processing 424 of 636 :mount isa
processing 425 of 636 :jumla
processing 426 of 636 :anadyr
processing 427 of 636 :abnub
processing 428 of 636 :kruisfontein
processing 429 of 636 :port macquarie
processing 430 of 636 :rumoi
processing 431 of 636 :dingli
processing 432 of 636 :richards bay
processing 433 of 636 :coihueco
processing 434 of 636 :paucartambo
exception missing city data 434 of 636 :paucartambo
processing 435 of 636 :talaya
